# JRE version: Java(TM) SE Runtime Environment (8.0_131-b11) (build 1.8.0_131-b11)
# Java VM: Java HotSpot(TM) 64-Bit Server VM (25.131-b11 mixed mode windows-amd64 compressed oops)
Heap:
 PSYoungGen      total 2030592K, used 499978K [0x000000070cb00000, 0x00000007c0000000, 0x00000007c0000000)
  eden space 1260544K, 39% used [0x000000070cb00000,0x000000072b342818,0x0000000759a00000)
  from space 770048K, 0% used [0x0000000791000000,0x0000000791000000,0x00000007c0000000)
  to   space 838656K, 0% used [0x0000000759a00000,0x0000000759a00000,0x000000078cd00000)
 ParOldGen       total 902144K, used 901795K [0x00000005a6000000, 0x00000005dd100000, 0x000000070cb00000)
  object space 902144K, 99% used [0x00000005a6000000,0x00000005dd0a8c00,0x00000005dd100000)
 Metaspace       used 156208K, capacity 167942K, committed 178176K, reserved 1204224K
  class space    used 19689K, capacity 22402K, committed 24064K, reserved 1048576K
GC Heap History (10 events):
Event: 10047.826 GC heap before
{Heap before GC invocations=45 (full 7):
 PSYoungGen      total 2030592K, used 587148K [0x000000070cb00000, 0x00000007c0000000, 0x00000007c0000000)
  eden space 1260544K, 0% used [0x000000070cb00000,0x000000070cb00000,0x0000000759a00000)
  from space 770048K, 76% used [0x0000000791000000,0x00000007b4d63228,0x00000007c0000000)
  to   space 838656K, 0% used [0x0000000759a00000,0x0000000759a00000,0x000000078cd00000)
 ParOldGen       total 902144K, used 854995K [0x00000005a6000000, 0x00000005dd100000, 0x000000070cb00000)
  object space 902144K, 94% used [0x00000005a6000000,0x00000005da2f4fe8,0x00000005dd100000)
 Metaspace       used 167599K, capacity 180010K, committed 180224K, reserved 1206272K
  class space    used 21130K, capacity 23996K, committed 24064K, reserved 1048576K
Event: 10059.485 GC heap after
Heap after GC invocations=45 (full 7):
 PSYoungGen      total 2030592K, used 427949K [0x000000070cb00000, 0x00000007c0000000, 0x00000007c0000000)
  eden space 1260544K, 0% used [0x000000070cb00000,0x000000070cb00000,0x0000000759a00000)
  from space 770048K, 55% used [0x0000000791000000,0x00000007ab1eb7a8,0x00000007c0000000)
  to   space 838656K, 0% used [0x0000000759a00000,0x0000000759a00000,0x000000078cd00000)
 ParOldGen       total 902144K, used 902001K [0x00000005a6000000, 0x00000005dd100000, 0x000000070cb00000)
  object space 902144K, 99% used [0x00000005a6000000,0x00000005dd0dc560,0x00000005dd100000)
 Metaspace       used 167197K, capacity 179362K, committed 180224K, reserved 1206272K
  class space    used 21076K, capacity 23888K, committed 24064K, reserved 1048576K
}
Event: 10095.547 GC heap before
{Heap before GC invocations=46 (full 8):
 PSYoungGen      total 2030592K, used 1688493K [0x000000070cb00000, 0x00000007c0000000, 0x00000007c0000000)
  eden space 1260544K, 100% used [0x000000070cb00000,0x0000000759a00000,0x0000000759a00000)
  from space 770048K, 55% used [0x0000000791000000,0x00000007ab1eb7a8,0x00000007c0000000)
  to   space 838656K, 0% used [0x0000000759a00000,0x0000000759a00000,0x000000078cd00000)
 ParOldGen       total 902144K, used 902001K [0x00000005a6000000, 0x00000005dd100000, 0x000000070cb00000)
  object space 902144K, 99% used [0x00000005a6000000,0x00000005dd0dc560,0x00000005dd100000)
 Metaspace       used 167601K, capacity 179776K, committed 180224K, reserved 1206272K
  class space    used 21116K, capacity 23927K, committed 24064K, reserved 1048576K
Event: 10098.455 GC heap after
Heap after GC invocations=46 (full 8):
 PSYoungGen      total 2030592K, used 246506K [0x000000070cb00000, 0x00000007c0000000, 0x00000007c0000000)
  eden space 1260544K, 0% used [0x000000070cb00000,0x000000070cb00000,0x0000000759a00000)
  from space 770048K, 32% used [0x0000000791000000,0x00000007a00baaf8,0x00000007c0000000)
  to   space 838656K, 0% used [0x0000000759a00000,0x0000000759a00000,0x000000078cd00000)
 ParOldGen       total 902144K, used 902021K [0x00000005a6000000, 0x00000005dd100000, 0x000000070cb00000)
  object space 902144K, 99% used [0x00000005a6000000,0x00000005dd0e1650,0x00000005dd100000)
 Metaspace       used 155905K, capacity 167648K, committed 178176K, reserved 1204224K
  class space    used 19684K, capacity 22399K, committed 24064K, reserved 1048576K
}
Event: 10102.820 GC heap before
{Heap before GC invocations=47 (full 9):
 PSYoungGen      total 2030592K, used 1507050K [0x000000070cb00000, 0x00000007c0000000, 0x00000007c0000000)
  eden space 1260544K, 100% used [0x000000070cb00000,0x0000000759a00000,0x0000000759a00000)
  from space 770048K, 32% used [0x0000000791000000,0x00000007a00baaf8,0x00000007c0000000)
  to   space 838656K, 0% used [0x0000000759a00000,0x0000000759a00000,0x000000078cd00000)
 ParOldGen       total 902144K, used 902021K [0x00000005a6000000, 0x00000005dd100000, 0x000000070cb00000)
  object space 902144K, 99% used [0x00000005a6000000,0x00000005dd0e1650,0x00000005dd100000)
 Metaspace       used 156046K, capacity 167798K, committed 178176K, reserved 1204224K
  class space    used 19685K, capacity 22400K, committed 24064K, reserved 1048576K
Event: 10108.477 GC heap after
Heap after GC invocations=47 (full 9):
 PSYoungGen      total 2030592K, used 250520K [0x000000070cb00000, 0x00000007c0000000, 0x00000007c0000000)
  eden space 1260544K, 19% used [0x000000070cb00000,0x000000071bfa6048,0x0000000759a00000)
  from space 770048K, 0% used [0x0000000791000000,0x0000000791000000,0x00000007c0000000)
  to   space 838656K, 0% used [0x0000000759a00000,0x0000000759a00000,0x000000078cd00000)
 ParOldGen       total 902144K, used 902143K [0x00000005a6000000, 0x00000005dd100000, 0x000000070cb00000)
  object space 902144K, 99% used [0x00000005a6000000,0x00000005dd0ffe20,0x00000005dd100000)
 Metaspace       used 156046K, capacity 167798K, committed 178176K, reserved 1204224K
  class space    used 19685K, capacity 22400K, committed 24064K, reserved 1048576K
}
Event: 10115.555 GC heap before
{Heap before GC invocations=48 (full 10):
 PSYoungGen      total 2030592K, used 1260544K [0x000000070cb00000, 0x00000007c0000000, 0x00000007c0000000)
  eden space 1260544K, 100% used [0x000000070cb00000,0x0000000759a00000,0x0000000759a00000)
  from space 770048K, 0% used [0x0000000791000000,0x0000000791000000,0x00000007c0000000)
  to   space 838656K, 0% used [0x0000000759a00000,0x0000000759a00000,0x000000078cd00000)
 ParOldGen       total 902144K, used 902143K [0x00000005a6000000, 0x00000005dd100000, 0x000000070cb00000)
  object space 902144K, 99% used [0x00000005a6000000,0x00000005dd0ffe20,0x00000005dd100000)
 Metaspace       used 156135K, capacity 167874K, committed 178176K, reserved 1204224K
  class space    used 19689K, capacity 22402K, committed 24064K, reserved 1048576K
Event: 10118.307 GC heap after
Heap after GC invocations=48 (full 10):
 PSYoungGen      total 2030592K, used 231487K [0x000000070cb00000, 0x00000007c0000000, 0x00000007c0000000)
  eden space 1260544K, 18% used [0x000000070cb00000,0x000000071ad0ffd8,0x0000000759a00000)
  from space 770048K, 0% used [0x0000000791000000,0x0000000791000000,0x00000007c0000000)
  to   space 838656K, 0% used [0x0000000759a00000,0x0000000759a00000,0x000000078cd00000)
 ParOldGen       total 902144K, used 901912K [0x00000005a6000000, 0x00000005dd100000, 0x000000070cb00000)
  object space 902144K, 99% used [0x00000005a6000000,0x00000005dd0c60e0,0x00000005dd100000)
 Metaspace       used 156135K, capacity 167874K, committed 178176K, reserved 1204224K
  class space    used 19689K, capacity 22402K, committed 24064K, reserved 1048576K
}
Event: 10121.167 GC heap before
{Heap before GC invocations=49 (full 11):
 PSYoungGen      total 2030592K, used 1260544K [0x000000070cb00000, 0x00000007c0000000, 0x00000007c0000000)
  eden space 1260544K, 100% used [0x000000070cb00000,0x0000000759a00000,0x0000000759a00000)
  from space 770048K, 0% used [0x0000000791000000,0x0000000791000000,0x00000007c0000000)
  to   space 838656K, 0% used [0x0000000759a00000,0x0000000759a00000,0x000000078cd00000)
 ParOldGen       total 902144K, used 901912K [0x00000005a6000000, 0x00000005dd100000, 0x000000070cb00000)
  object space 902144K, 99% used [0x00000005a6000000,0x00000005dd0c60e0,0x00000005dd100000)
 Metaspace       used 156195K, capacity 167942K, committed 178176K, reserved 1204224K
  class space    used 19689K, capacity 22402K, committed 24064K, reserved 1048576K
Event: 10124.179 GC heap after
Heap after GC invocations=49 (full 11):
 PSYoungGen      total 2030592K, used 226773K [0x000000070cb00000, 0x00000007c0000000, 0x00000007c0000000)
  eden space 1260544K, 17% used [0x000000070cb00000,0x000000071a875628,0x0000000759a00000)
  from space 770048K, 0% used [0x0000000791000000,0x0000000791000000,0x00000007c0000000)
  to   space 838656K, 0% used [0x0000000759a00000,0x0000000759a00000,0x000000078cd00000)
 ParOldGen       total 902144K, used 901795K [0x00000005a6000000, 0x00000005dd100000, 0x000000070cb00000)
  object space 902144K, 99% used [0x00000005a6000000,0x00000005dd0a8c00,0x00000005dd100000)
 Metaspace       used 156195K, capacity 167942K, committed 178176K, reserved 1204224K
  class space    used 19689K, capacity 22402K, committed 24064K, reserved 1048576K
}

