# JRE version: Java(TM) SE Runtime Environment (8.0_131-b11) (build 1.8.0_131-b11)
# Java VM: Java HotSpot(TM) 64-Bit Server VM (25.131-b11 mixed mode windows-amd64 compressed oops)
Heap:
 PSYoungGen      total 2060800K, used 1015003K [0x000000070cb00000, 0x00000007bd500000, 0x00000007c0000000)
  eden space 1227264K, 79% used [0x000000070cb00000,0x00000007483aaf08,0x0000000757980000)
  from space 833536K, 4% used [0x000000078a700000,0x000000078cd8bfe0,0x00000007bd500000)
  to   space 833024K, 0% used [0x0000000757980000,0x0000000757980000,0x000000078a700000)
 ParOldGen       total 1104384K, used 694230K [0x00000005a6000000, 0x00000005e9680000, 0x000000070cb00000)
  object space 1104384K, 62% used [0x00000005a6000000,0x00000005d05f5898,0x00000005e9680000)
 Metaspace       used 130599K, capacity 140878K, committed 158464K, reserved 1183744K
  class space    used 16521K, capacity 18899K, committed 23296K, reserved 1048576K
GC Heap History (10 events):
Event: 13205.019 GC heap before
{Heap before GC invocations=56 (full 7):
 PSYoungGen      total 1955840K, used 1307998K [0x000000070cb00000, 0x00000007bcd80000, 0x00000007c0000000)
  eden space 1024000K, 100% used [0x000000070cb00000,0x000000074b300000,0x000000074b300000)
  from space 931840K, 30% used [0x0000000781600000,0x0000000792b57aa8,0x00000007ba400000)
  to   space 887808K, 0% used [0x000000074b300000,0x000000074b300000,0x0000000781600000)
 ParOldGen       total 1394688K, used 1034098K [0x00000005a6000000, 0x00000005fb200000, 0x000000070cb00000)
  object space 1394688K, 74% used [0x00000005a6000000,0x00000005e51dc810,0x00000005fb200000)
 Metaspace       used 163542K, capacity 174476K, committed 174848K, reserved 1200128K
  class space    used 20677K, capacity 23186K, committed 23296K, reserved 1048576K
Event: 13205.615 GC heap after
Heap after GC invocations=56 (full 7):
 PSYoungGen      total 1911808K, used 171108K [0x000000070cb00000, 0x00000007ba900000, 0x00000007c0000000)
  eden space 1024000K, 0% used [0x000000070cb00000,0x000000070cb00000,0x000000074b300000)
  from space 887808K, 19% used [0x000000074b300000,0x0000000755a192e8,0x0000000781600000)
  to   space 865280K, 0% used [0x0000000785c00000,0x0000000785c00000,0x00000007ba900000)
 ParOldGen       total 1394688K, used 1161004K [0x00000005a6000000, 0x00000005fb200000, 0x000000070cb00000)
  object space 1394688K, 83% used [0x00000005a6000000,0x00000005ecdcb2d0,0x00000005fb200000)
 Metaspace       used 163542K, capacity 174476K, committed 174848K, reserved 1200128K
  class space    used 20677K, capacity 23186K, committed 23296K, reserved 1048576K
}
Event: 13206.020 GC heap before
{Heap before GC invocations=57 (full 7):
 PSYoungGen      total 1911808K, used 1194303K [0x000000070cb00000, 0x00000007ba900000, 0x00000007c0000000)
  eden space 1024000K, 99% used [0x000000070cb00000,0x000000074b236cc8,0x000000074b300000)
  from space 887808K, 19% used [0x000000074b300000,0x0000000755a192e8,0x0000000781600000)
  to   space 865280K, 0% used [0x0000000785c00000,0x0000000785c00000,0x00000007ba900000)
 ParOldGen       total 1394688K, used 1161004K [0x00000005a6000000, 0x00000005fb200000, 0x000000070cb00000)
  object space 1394688K, 83% used [0x00000005a6000000,0x00000005ecdcb2d0,0x00000005fb200000)
 Metaspace       used 163543K, capacity 174476K, committed 174848K, reserved 1200128K
  class space    used 20677K, capacity 23186K, committed 23296K, reserved 1048576K
Event: 13206.164 GC heap after
Heap after GC invocations=57 (full 7):
 PSYoungGen      total 1987584K, used 47057K [0x000000070cb00000, 0x00000007be200000, 0x00000007c0000000)
  eden space 1122304K, 0% used [0x000000070cb00000,0x000000070cb00000,0x0000000751300000)
  from space 865280K, 5% used [0x0000000785c00000,0x00000007889f45c0,0x00000007ba900000)
  to   space 861184K, 0% used [0x0000000751300000,0x0000000751300000,0x0000000785c00000)
 ParOldGen       total 1394688K, used 1310139K [0x00000005a6000000, 0x00000005fb200000, 0x000000070cb00000)
  object space 1394688K, 93% used [0x00000005a6000000,0x00000005f5f6ee28,0x00000005fb200000)
 Metaspace       used 163543K, capacity 174476K, committed 174848K, reserved 1200128K
  class space    used 20677K, capacity 23186K, committed 23296K, reserved 1048576K
}
Event: 13206.164 GC heap before
{Heap before GC invocations=58 (full 8):
 PSYoungGen      total 1987584K, used 47057K [0x000000070cb00000, 0x00000007be200000, 0x00000007c0000000)
  eden space 1122304K, 0% used [0x000000070cb00000,0x000000070cb00000,0x0000000751300000)
  from space 865280K, 5% used [0x0000000785c00000,0x00000007889f45c0,0x00000007ba900000)
  to   space 861184K, 0% used [0x0000000751300000,0x0000000751300000,0x0000000785c00000)
 ParOldGen       total 1394688K, used 1310139K [0x00000005a6000000, 0x00000005fb200000, 0x000000070cb00000)
  object space 1394688K, 93% used [0x00000005a6000000,0x00000005f5f6ee28,0x00000005fb200000)
 Metaspace       used 163543K, capacity 174476K, committed 174848K, reserved 1200128K
  class space    used 20677K, capacity 23186K, committed 23296K, reserved 1048576K
Event: 13209.114 GC heap after
Heap after GC invocations=58 (full 8):
 PSYoungGen      total 1987584K, used 0K [0x000000070cb00000, 0x00000007be200000, 0x00000007c0000000)
  eden space 1122304K, 0% used [0x000000070cb00000,0x000000070cb00000,0x0000000751300000)
  from space 865280K, 0% used [0x0000000785c00000,0x0000000785c00000,0x00000007ba900000)
  to   space 861184K, 0% used [0x0000000751300000,0x0000000751300000,0x0000000785c00000)
 ParOldGen       total 1104384K, used 646434K [0x00000005a6000000, 0x00000005e9680000, 0x000000070cb00000)
  object space 1104384K, 58% used [0x00000005a6000000,0x00000005cd748be8,0x00000005e9680000)
 Metaspace       used 129833K, capacity 139748K, committed 158464K, reserved 1183744K
  class space    used 16461K, capacity 18758K, committed 23296K, reserved 1048576K
}
Event: 18917.702 GC heap before
{Heap before GC invocations=59 (full 8):
 PSYoungGen      total 1987584K, used 1122304K [0x000000070cb00000, 0x00000007be200000, 0x00000007c0000000)
  eden space 1122304K, 100% used [0x000000070cb00000,0x0000000751300000,0x0000000751300000)
  from space 865280K, 0% used [0x0000000785c00000,0x0000000785c00000,0x00000007ba900000)
  to   space 861184K, 0% used [0x0000000751300000,0x0000000751300000,0x0000000785c00000)
 ParOldGen       total 1104384K, used 646434K [0x00000005a6000000, 0x00000005e9680000, 0x000000070cb00000)
  object space 1104384K, 58% used [0x00000005a6000000,0x00000005cd748be8,0x00000005e9680000)
 Metaspace       used 130090K, capacity 140134K, committed 158464K, reserved 1183744K
  class space    used 16480K, capacity 18809K, committed 23296K, reserved 1048576K
Event: 18918.262 GC heap after
Heap after GC invocations=59 (full 8):
 PSYoungGen      total 1983488K, used 53904K [0x000000070cb00000, 0x00000007be400000, 0x00000007c0000000)
  eden space 1122304K, 0% used [0x000000070cb00000,0x000000070cb00000,0x0000000751300000)
  from space 861184K, 6% used [0x0000000751300000,0x00000007547a4278,0x0000000785c00000)
  to   space 848896K, 0% used [0x000000078a700000,0x000000078a700000,0x00000007be400000)
 ParOldGen       total 1104384K, used 646442K [0x00000005a6000000, 0x00000005e9680000, 0x000000070cb00000)
  object space 1104384K, 58% used [0x00000005a6000000,0x00000005cd74abe8,0x00000005e9680000)
 Metaspace       used 130090K, capacity 140134K, committed 158464K, reserved 1183744K
  class space    used 16480K, capacity 18809K, committed 23296K, reserved 1048576K
}
Event: 18937.504 GC heap before
{Heap before GC invocations=60 (full 8):
 PSYoungGen      total 1983488K, used 1173864K [0x000000070cb00000, 0x00000007be400000, 0x00000007c0000000)
  eden space 1122304K, 99% used [0x000000070cb00000,0x00000007510b5e00,0x0000000751300000)
  from space 861184K, 6% used [0x0000000751300000,0x00000007547a4278,0x0000000785c00000)
  to   space 848896K, 0% used [0x000000078a700000,0x000000078a700000,0x00000007be400000)
 ParOldGen       total 1104384K, used 646442K [0x00000005a6000000, 0x00000005e9680000, 0x000000070cb00000)
  object space 1104384K, 58% used [0x00000005a6000000,0x00000005cd74abe8,0x00000005e9680000)
 Metaspace       used 130218K, capacity 140296K, committed 158464K, reserved 1183744K
  class space    used 16483K, capacity 18814K, committed 23296K, reserved 1048576K
Event: 18937.822 GC heap after
Heap after GC invocations=60 (full 8):
 PSYoungGen      total 2060800K, used 39471K [0x000000070cb00000, 0x00000007bd500000, 0x00000007c0000000)
  eden space 1227264K, 0% used [0x000000070cb00000,0x000000070cb00000,0x0000000757980000)
  from space 833536K, 4% used [0x000000078a700000,0x000000078cd8bfe0,0x00000007bd500000)
  to   space 833024K, 0% used [0x0000000757980000,0x0000000757980000,0x000000078a700000)
 ParOldGen       total 1104384K, used 694230K [0x00000005a6000000, 0x00000005e9680000, 0x000000070cb00000)
  object space 1104384K, 62% used [0x00000005a6000000,0x00000005d05f5898,0x00000005e9680000)
 Metaspace       used 130218K, capacity 140296K, committed 158464K, reserved 1183744K
  class space    used 16483K, capacity 18814K, committed 23296K, reserved 1048576K
}

