# JRE version: Java(TM) SE Runtime Environment (8.0_131-b11) (build 1.8.0_131-b11)
# Java VM: Java HotSpot(TM) 64-Bit Server VM (25.131-b11 mixed mode windows-amd64 compressed oops)
Heap:
 PSYoungGen      total 2073600K, used 1145320K [0x000000070cb00000, 0x00000007c0000000, 0x00000007c0000000)
  eden space 1601536K, 53% used [0x000000070cb00000,0x0000000740e486f8,0x000000076e700000)
  from space 472064K, 61% used [0x00000007a3300000,0x00000007b4e31bf0,0x00000007c0000000)
  to   space 668160K, 0% used [0x000000076e700000,0x000000076e700000,0x0000000797380000)
 ParOldGen       total 1714688K, used 1324570K [0x00000005a6000000, 0x000000060ea80000, 0x000000070cb00000)
  object space 1714688K, 77% used [0x00000005a6000000,0x00000005f6d86bb0,0x000000060ea80000)
 Metaspace       used 192218K, capacity 207090K, committed 207448K, reserved 1228800K
  class space    used 24642K, capacity 28181K, committed 28288K, reserved 1048576K
GC Heap History (10 events):
Event: 2981.477 GC heap before
{Heap before GC invocations=35 (full 8):
 PSYoungGen      total 2539520K, used 2467189K [0x000000070cb00000, 0x00000007c0000000, 0x00000007c0000000)
  eden space 2201600K, 100% used [0x000000070cb00000,0x0000000793100000,0x0000000793100000)
  from space 337920K, 78% used [0x00000007a9600000,0x00000007b995d458,0x00000007be000000)
  to   space 365568K, 0% used [0x0000000793100000,0x0000000793100000,0x00000007a9600000)
 ParOldGen       total 1325056K, used 959406K [0x00000005a6000000, 0x00000005f6e00000, 0x000000070cb00000)
  object space 1325056K, 72% used [0x00000005a6000000,0x00000005e08ebaa8,0x00000005f6e00000)
 Metaspace       used 164195K, capacity 177660K, committed 177880K, reserved 1202176K
  class space    used 21021K, capacity 24260K, committed 24320K, reserved 1048576K
Event: 2982.903 GC heap after
Heap after GC invocations=35 (full 8):
 PSYoungGen      total 2567168K, used 365556K [0x000000070cb00000, 0x00000007c0000000, 0x00000007c0000000)
  eden space 2201600K, 0% used [0x000000070cb00000,0x000000070cb00000,0x0000000793100000)
  from space 365568K, 99% used [0x0000000793100000,0x00000007a95fd3c0,0x00000007a9600000)
  to   space 370688K, 0% used [0x00000007a9600000,0x00000007a9600000,0x00000007c0000000)
 ParOldGen       total 1325056K, used 991243K [0x00000005a6000000, 0x00000005f6e00000, 0x000000070cb00000)
  object space 1325056K, 74% used [0x00000005a6000000,0x00000005e2802f70,0x00000005f6e00000)
 Metaspace       used 164195K, capacity 177660K, committed 177880K, reserved 1202176K
  class space    used 21021K, capacity 24260K, committed 24320K, reserved 1048576K
}
Event: 4411.517 GC heap before
{Heap before GC invocations=36 (full 8):
 PSYoungGen      total 2567168K, used 2567156K [0x000000070cb00000, 0x00000007c0000000, 0x00000007c0000000)
  eden space 2201600K, 100% used [0x000000070cb00000,0x0000000793100000,0x0000000793100000)
  from space 365568K, 99% used [0x0000000793100000,0x00000007a95fd3c0,0x00000007a9600000)
  to   space 370688K, 0% used [0x00000007a9600000,0x00000007a9600000,0x00000007c0000000)
 ParOldGen       total 1325056K, used 991243K [0x00000005a6000000, 0x00000005f6e00000, 0x000000070cb00000)
  object space 1325056K, 74% used [0x00000005a6000000,0x00000005e2802f70,0x00000005f6e00000)
 Metaspace       used 164587K, capacity 178194K, committed 178520K, reserved 1204224K
  class space    used 21045K, capacity 24321K, committed 24448K, reserved 1048576K
Event: 4412.591 GC heap after
Heap after GC invocations=36 (full 8):
 PSYoungGen      total 2364416K, used 343682K [0x000000070cb00000, 0x00000007c0000000, 0x00000007c0000000)
  eden space 1993728K, 0% used [0x000000070cb00000,0x000000070cb00000,0x0000000786600000)
  from space 370688K, 92% used [0x00000007a9600000,0x00000007be5a0808,0x00000007c0000000)
  to   space 472064K, 0% used [0x0000000786600000,0x0000000786600000,0x00000007a3300000)
 ParOldGen       total 1325056K, used 1057679K [0x00000005a6000000, 0x00000005f6e00000, 0x000000070cb00000)
  object space 1325056K, 79% used [0x00000005a6000000,0x00000005e68e3fe8,0x00000005f6e00000)
 Metaspace       used 164587K, capacity 178194K, committed 178520K, reserved 1204224K
  class space    used 21045K, capacity 24321K, committed 24448K, reserved 1048576K
}
Event: 4436.528 GC heap before
{Heap before GC invocations=37 (full 8):
 PSYoungGen      total 2364416K, used 2337410K [0x000000070cb00000, 0x00000007c0000000, 0x00000007c0000000)
  eden space 1993728K, 100% used [0x000000070cb00000,0x0000000786600000,0x0000000786600000)
  from space 370688K, 92% used [0x00000007a9600000,0x00000007be5a0808,0x00000007c0000000)
  to   space 472064K, 0% used [0x0000000786600000,0x0000000786600000,0x00000007a3300000)
 ParOldGen       total 1325056K, used 1057679K [0x00000005a6000000, 0x00000005f6e00000, 0x000000070cb00000)
  object space 1325056K, 79% used [0x00000005a6000000,0x00000005e68e3fe8,0x00000005f6e00000)
 Metaspace       used 175746K, capacity 189664K, committed 189912K, reserved 1214464K
  class space    used 22450K, capacity 25792K, committed 25856K, reserved 1048576K
Event: 4437.314 GC heap after
Heap after GC invocations=37 (full 8):
 PSYoungGen      total 2465792K, used 472034K [0x000000070cb00000, 0x00000007c0000000, 0x00000007c0000000)
  eden space 1993728K, 0% used [0x000000070cb00000,0x000000070cb00000,0x0000000786600000)
  from space 472064K, 99% used [0x0000000786600000,0x00000007a32f8a80,0x00000007a3300000)
  to   space 472064K, 0% used [0x00000007a3300000,0x00000007a3300000,0x00000007c0000000)
 ParOldGen       total 1325056K, used 1103373K [0x00000005a6000000, 0x00000005f6e00000, 0x000000070cb00000)
  object space 1325056K, 83% used [0x00000005a6000000,0x00000005e95835f8,0x00000005f6e00000)
 Metaspace       used 175746K, capacity 189664K, committed 189912K, reserved 1214464K
  class space    used 22450K, capacity 25792K, committed 25856K, reserved 1048576K
}
Event: 4587.198 GC heap before
{Heap before GC invocations=38 (full 8):
 PSYoungGen      total 2465792K, used 2455982K [0x000000070cb00000, 0x00000007c0000000, 0x00000007c0000000)
  eden space 1993728K, 99% used [0x000000070cb00000,0x0000000785c73098,0x0000000786600000)
  from space 472064K, 99% used [0x0000000786600000,0x00000007a32f8a80,0x00000007a3300000)
  to   space 472064K, 0% used [0x00000007a3300000,0x00000007a3300000,0x00000007c0000000)
 ParOldGen       total 1325056K, used 1103373K [0x00000005a6000000, 0x00000005f6e00000, 0x000000070cb00000)
  object space 1325056K, 83% used [0x00000005a6000000,0x00000005e95835f8,0x00000005f6e00000)
 Metaspace       used 186951K, capacity 201574K, committed 201688K, reserved 1222656K
  class space    used 24097K, capacity 27643K, committed 27648K, reserved 1048576K
Event: 4587.901 GC heap after
Heap after GC invocations=38 (full 8):
 PSYoungGen      total 2073600K, used 472062K [0x000000070cb00000, 0x00000007c0000000, 0x00000007c0000000)
  eden space 1601536K, 0% used [0x000000070cb00000,0x000000070cb00000,0x000000076e700000)
  from space 472064K, 99% used [0x00000007a3300000,0x00000007bffffaf8,0x00000007c0000000)
  to   space 668160K, 0% used [0x000000076e700000,0x000000076e700000,0x0000000797380000)
 ParOldGen       total 1325056K, used 1227485K [0x00000005a6000000, 0x00000005f6e00000, 0x000000070cb00000)
  object space 1325056K, 92% used [0x00000005a6000000,0x00000005f0eb7690,0x00000005f6e00000)
 Metaspace       used 186951K, capacity 201574K, committed 201688K, reserved 1222656K
  class space    used 24097K, capacity 27643K, committed 27648K, reserved 1048576K
}
Event: 4587.901 GC heap before
{Heap before GC invocations=39 (full 9):
 PSYoungGen      total 2073600K, used 472062K [0x000000070cb00000, 0x00000007c0000000, 0x00000007c0000000)
  eden space 1601536K, 0% used [0x000000070cb00000,0x000000070cb00000,0x000000076e700000)
  from space 472064K, 99% used [0x00000007a3300000,0x00000007bffffaf8,0x00000007c0000000)
  to   space 668160K, 0% used [0x000000076e700000,0x000000076e700000,0x0000000797380000)
 ParOldGen       total 1325056K, used 1227485K [0x00000005a6000000, 0x00000005f6e00000, 0x000000070cb00000)
  object space 1325056K, 92% used [0x00000005a6000000,0x00000005f0eb7690,0x00000005f6e00000)
 Metaspace       used 186951K, capacity 201574K, committed 201688K, reserved 1222656K
  class space    used 24097K, capacity 27643K, committed 27648K, reserved 1048576K
Event: 4597.007 GC heap after
Heap after GC invocations=39 (full 9):
 PSYoungGen      total 2073600K, used 289990K [0x000000070cb00000, 0x00000007c0000000, 0x00000007c0000000)
  eden space 1601536K, 0% used [0x000000070cb00000,0x000000070cb00000,0x000000076e700000)
  from space 472064K, 61% used [0x00000007a3300000,0x00000007b4e31bf0,0x00000007c0000000)
  to   space 668160K, 0% used [0x000000076e700000,0x000000076e700000,0x0000000797380000)
 ParOldGen       total 1714688K, used 1324570K [0x00000005a6000000, 0x000000060ea80000, 0x000000070cb00000)
  object space 1714688K, 77% used [0x00000005a6000000,0x00000005f6d86bb0,0x000000060ea80000)
 Metaspace       used 186951K, capacity 201574K, committed 201688K, reserved 1222656K
  class space    used 24097K, capacity 27643K, committed 27648K, reserved 1048576K
}

